0 info it worked if it ends with ok
1 verbose cli [ '/usr/bin/node', '/usr/bin/npm', 'install', 'mongoose--save' ]
2 info using npm@1.4.28
3 info using node@v0.10.38
4 verbose cache add [ 'mongoose--save', null ]
5 verbose cache add name=undefined spec="mongoose--save" args=["mongoose--save",null]
6 verbose parsed url { protocol: null,
6 verbose parsed url   slashes: null,
6 verbose parsed url   auth: null,
6 verbose parsed url   host: null,
6 verbose parsed url   port: null,
6 verbose parsed url   hostname: null,
6 verbose parsed url   hash: null,
6 verbose parsed url   search: null,
6 verbose parsed url   query: null,
6 verbose parsed url   pathname: 'mongoose--save',
6 verbose parsed url   path: 'mongoose--save',
6 verbose parsed url   href: 'mongoose--save' }
7 silly lockFile 25bb5d02-mongoose-save mongoose--save
8 verbose lock mongoose--save /root/.npm/25bb5d02-mongoose-save.lock
9 silly lockFile 25bb5d02-mongoose-save mongoose--save
10 silly lockFile 25bb5d02-mongoose-save mongoose--save
11 verbose addNamed [ 'mongoose--save', '' ]
12 verbose addNamed [ null, '*' ]
13 silly lockFile e5cf2f9b-mongoose-save mongoose--save@
14 verbose lock mongoose--save@ /root/.npm/e5cf2f9b-mongoose-save.lock
15 silly addNameRange { name: 'mongoose--save', range: '*', hasData: false }
16 verbose request where is /mongoose--save
17 verbose request registry https://registry.npmjs.org/
18 verbose request id d02fefe4db914858
19 verbose url raw /mongoose--save
20 verbose url resolving [ 'https://registry.npmjs.org/', './mongoose--save' ]
21 verbose url resolved https://registry.npmjs.org/mongoose--save
22 verbose request where is https://registry.npmjs.org/mongoose--save
23 info trying registry request attempt 1 at 21:55:24
24 http GET https://registry.npmjs.org/mongoose--save
25 http 404 https://registry.npmjs.org/mongoose--save
26 verbose headers { date: 'Tue, 21 Apr 2015 21:55:24 GMT',
26 verbose headers   server: 'CouchDB/1.5.0 (Erlang OTP/R16B03)',
26 verbose headers   'content-type': 'application/json',
26 verbose headers   'cache-control': 'max-age=0',
26 verbose headers   'content-length': '51',
26 verbose headers   'accept-ranges': 'bytes',
26 verbose headers   via: '1.1 varnish',
26 verbose headers   age: '0',
26 verbose headers   'x-served-by': 'cache-lax1429-LAX',
26 verbose headers   'x-cache': 'MISS',
26 verbose headers   'x-cache-hits': '0',
26 verbose headers   'x-timer': 'S1429653324.609893,VS0,VE81',
26 verbose headers   'keep-alive': 'timeout=10, max=50',
26 verbose headers   connection: 'Keep-Alive' }
27 silly registry.get cb [ 404,
27 silly registry.get   { date: 'Tue, 21 Apr 2015 21:55:24 GMT',
27 silly registry.get     server: 'CouchDB/1.5.0 (Erlang OTP/R16B03)',
27 silly registry.get     'content-type': 'application/json',
27 silly registry.get     'cache-control': 'max-age=0',
27 silly registry.get     'content-length': '51',
27 silly registry.get     'accept-ranges': 'bytes',
27 silly registry.get     via: '1.1 varnish',
27 silly registry.get     age: '0',
27 silly registry.get     'x-served-by': 'cache-lax1429-LAX',
27 silly registry.get     'x-cache': 'MISS',
27 silly registry.get     'x-cache-hits': '0',
27 silly registry.get     'x-timer': 'S1429653324.609893,VS0,VE81',
27 silly registry.get     'keep-alive': 'timeout=10, max=50',
27 silly registry.get     connection: 'Keep-Alive' } ]
28 silly lockFile e5cf2f9b-mongoose-save mongoose--save@
29 silly lockFile e5cf2f9b-mongoose-save mongoose--save@
30 error 404 404 Not Found: mongoose--save
30 error 404
30 error 404 'mongoose--save' is not in the npm registry.
30 error 404 You should bug the author to publish it
30 error 404
30 error 404 Note that you can also install from a
30 error 404 tarball, folder, or http url, or git url.
31 error System Linux 3.14.35-28.38.amzn1.x86_64
32 error command "/usr/bin/node" "/usr/bin/npm" "install" "mongoose--save"
33 error cwd /home/ec2-user/shopCU/server
34 error node -v v0.10.38
35 error npm -v 1.4.28
36 error code E404
37 verbose exit [ 1, true ]
